Performing C++ SOURCE FILE Test CHARCONV_RESULT failed with the following output:
Change Dir: C:/Users/bogda/source/repos/Bogdanov-am/Breakdown-Predictor/BreakdownPredict/BreakdownPredict/library/out/build/x64-Debug/CMakeFiles/CMakeTmp

Run Build Command(s):C:/Program Files (x86)/Microsoft Visual Studio/2019/Community/Common7/IDE/CommonExtensions/Microsoft/CMake/Ninja/ninja.exe cmTC_b13e3 && [1/2] Building CXX object CMakeFiles\cmTC_b13e3.dir\src.cxx.obj
FAILED: CMakeFiles/cmTC_b13e3.dir/src.cxx.obj 
C:\PROGRA~2\MICROS~3\2019\COMMUN~1\VC\Tools\MSVC\1424~1.283\bin\HostX64\x64\cl.exe  /nologo /TP   /DWIN32 /D_WINDOWS /W3 /GR /EHsc -DCHARCONV_RESULT /MDd /Zi /Ob0 /Od /RTC1 /showIncludes /FoCMakeFiles\cmTC_b13e3.dir\src.cxx.obj /FdCMakeFiles\cmTC_b13e3.dir\ /FS -c src.cxx
Примечание: включение файла:  C:\Program Files (x86)\Microsoft Visual Studio\2019\Community\VC\Tools\MSVC\14.24.28314\include\array
Примечание: включение файла:   C:\Program Files (x86)\Microsoft Visual Studio\2019\Community\VC\Tools\MSVC\14.24.28314\include\yvals_core.h
Примечание: включение файла:    C:\Program Files (x86)\Microsoft Visual Studio\2019\Community\VC\Tools\MSVC\14.24.28314\include\vcruntime.h
Примечание: включение файла:     C:\Program Files (x86)\Microsoft Visual Studio\2019\Community\VC\Tools\MSVC\14.24.28314\include\sal.h
Примечание: включение файла:      C:\Program Files (x86)\Microsoft Visual Studio\2019\Community\VC\Tools\MSVC\14.24.28314\include\concurrencysal.h
Примечание: включение файла:     C:\Program Files (x86)\Microsoft Visual Studio\2019\Community\VC\Tools\MSVC\14.24.28314\include\vadefs.h
Примечание: включение файла:    C:\Program Files (x86)\Microsoft Visual Studio\2019\Community\VC\Tools\MSVC\14.24.28314\include\xkeycheck.h
Примечание: включение файла:   C:\Program Files (x86)\Microsoft Visual Studio\2019\Community\VC\Tools\MSVC\14.24.28314\include\algorithm
Примечание: включение файла:    C:\Program Files (x86)\Microsoft Visual Studio\2019\Community\VC\Tools\MSVC\14.24.28314\include\xmemory
Примечание: включение файла:     C:\Program Files (x86)\Microsoft Visual Studio\2019\Community\VC\Tools\MSVC\14.24.28314\include\cstdint
Примечание: включение файла:      C:\Program Files (x86)\Microsoft Visual Studio\2019\Community\VC\Tools\MSVC\14.24.28314\include\yvals.h
Примечание: включение файла:       C:\Program Files (x86)\Windows Kits\10\include\10.0.18362.0\ucrt\crtdbg.h
Примечание: включение файла:        C:\Program Files (x86)\Windows Kits\10\include\10.0.18362.0\ucrt\corecrt.h
Примечание: включение файла:        C:\Program Files (x86)\Microsoft Visual Studio\2019\Community\VC\Tools\MSVC\14.24.28314\include\vcruntime_new_debug.h
Примечание: включение файла:         C:\Program Files (x86)\Microsoft Visual Studio\2019\Community\VC\Tools\MSVC\14.24.28314\include\vcruntime_new.h
Примечание: включение файла:       C:\Program Files (x86)\Microsoft Visual Studio\2019\Community\VC\Tools\MSVC\14.24.28314\include\crtdefs.h
Примечание: включение файла:       C:\Program Files (x86)\Microsoft Visual Studio\2019\Community\VC\Tools\MSVC\14.24.28314\include\use_ansi.h
Примечание: включение файла:      C:\Program Files (x86)\Microsoft Visual Studio\2019\Community\VC\Tools\MSVC\14.24.28314\include\stdint.h
Примечание: включение файла:     C:\Program Files (x86)\Microsoft Visual Studio\2019\Community\VC\Tools\MSVC\14.24.28314\include\cstdlib
Примечание: включение файла:      C:\Program Files (x86)\Windows Kits\10\include\10.0.18362.0\ucrt\math.h
Примечание: включение файла:       C:\Program Files (x86)\Windows Kits\10\include\10.0.18362.0\ucrt\corecrt_math.h
Примечание: включение файла:      C:\Program Files (x86)\Windows Kits\10\include\10.0.18362.0\ucrt\stdlib.h
Примечание: включение файла:       C:\Program Files (x86)\Windows Kits\10\include\10.0.18362.0\ucrt\corecrt_malloc.h
Примечание: включение файла:       C:\Program Files (x86)\Windows Kits\10\include\10.0.18362.0\ucrt\corecrt_search.h
Примечание: включение файла:        C:\Program Files (x86)\Windows Kits\10\include\10.0.18362.0\ucrt\stddef.h
Примечание: включение файла:       C:\Program Files (x86)\Windows Kits\10\include\10.0.18362.0\ucrt\corecrt_wstdlib.h
Примечание: включение файла:       C:\Program Files (x86)\Microsoft Visual Studio\2019\Community\VC\Tools\MSVC\14.24.28314\include\limits.h
Примечание: включение файла:     C:\Program Files (x86)\Microsoft Visual Studio\2019\Community\VC\Tools\MSVC\14.24.28314\include\limits
Примечание: включение файла:      C:\Program Files (x86)\Microsoft Visual Studio\2019\Community\VC\Tools\MSVC\14.24.28314\include\cfloat
Примечание: включение файла:       C:\Program Files (x86)\Windows Kits\10\include\10.0.18362.0\ucrt\float.h
Примечание: включение файла:      C:\Program Files (x86)\Microsoft Visual Studio\2019\Community\VC\Tools\MSVC\14.24.28314\include\climits
Примечание: включение файла:      C:\Program Files (x86)\Microsoft Visual Studio\2019\Community\VC\Tools\MSVC\14.24.28314\include\cwchar
Примечание: включение файла:       C:\Program Files (x86)\Microsoft Visual Studio\2019\Community\VC\Tools\MSVC\14.24.28314\include\cstdio
Примечание: включение файла:        C:\Program Files (x86)\Windows Kits\10\include\10.0.18362.0\ucrt\stdio.h
Примечание: включение файла:         C:\Program Files (x86)\Windows Kits\10\include\10.0.18362.0\ucrt\corecrt_wstdio.h
Примечание: включение файла:          C:\Program Files (x86)\Windows Kits\10\include\10.0.18362.0\ucrt\corecrt_stdio_config.h
Примечание: включение файла:       C:\Program Files (x86)\Windows Kits\10\include\10.0.18362.0\ucrt\wchar.h
Примечание: включение файла:        C:\Program Files (x86)\Windows Kits\10\include\10.0.18362.0\ucrt\corecrt_memcpy_s.h
Примечание: включение файла:         C:\Program Files (x86)\Windows Kits\10\include\10.0.18362.0\ucrt\errno.h
Примечание: включение файла:         C:\Program Files (x86)\Microsoft Visual Studio\2019\Community\VC\Tools\MSVC\14.24.28314\include\vcruntime_string.h
Примечание: включение файла:        C:\Program Files (x86)\Windows Kits\10\include\10.0.18362.0\ucrt\corecrt_wconio.h
Примечание: включение файла:        C:\Program Files (x86)\Windows Kits\10\include\10.0.18362.0\ucrt\corecrt_wctype.h
Примечание: включение файла:        C:\Program Files (x86)\Windows Kits\10\include\10.0.18362.0\ucrt\corecrt_wdirect.h
Примечание: включение файла:        C:\Program Files (x86)\Windows Kits\10\include\10.0.18362.0\ucrt\corecrt_wio.h
Примечание: включение файла:         C:\Program Files (x86)\Windows Kits\10\include\10.0.18362.0\ucrt\corecrt_share.h
Примечание: включение файла:        C:\Program Files (x86)\Windows Kits\10\include\10.0.18362.0\ucrt\corecrt_wprocess.h
Примечание: включение файла:        C:\Program Files (x86)\Windows Kits\10\include\10.0.18362.0\ucrt\corecrt_wstring.h
Примечание: включение файла:        C:\Program Files (x86)\Windows Kits\10\include\10.0.18362.0\ucrt\corecrt_wtime.h
Примечание: включение файла:        C:\Program Files (x86)\Windows Kits\10\include\10.0.18362.0\ucrt\sys/stat.h
Примечание: включение файла:         C:\Program Files (x86)\Windows Kits\10\include\10.0.18362.0\ucrt\sys/types.h
Примечание: включение файла:      C:\Program Files (x86)\Microsoft Visual Studio\2019\Community\VC\Tools\MSVC\14.24.28314\include\xstddef
Примечание: включение файла:       C:\Program Files (x86)\Microsoft Visual Studio\2019\Community\VC\Tools\MSVC\14.24.28314\include\cstddef
Примечание: включение файла:        C:\Program Files (x86)\Microsoft Visual Studio\2019\Community\VC\Tools\MSVC\14.24.28314\include\xtr1common
Примечание: включение файла:       C:\Program Files (x86)\Microsoft Visual Studio\2019\Community\VC\Tools\MSVC\14.24.28314\include\initializer_list
Примечание: включение файла:     C:\Program Files (x86)\Microsoft Visual Studio\2019\Community\VC\Tools\MSVC\14.24.28314\include\new
Примечание: включение файла:      C:\Program Files (x86)\Microsoft Visual Studio\2019\Community\VC\Tools\MSVC\14.24.28314\include\exception
Примечание: включение файла:       C:\Program Files (x86)\Microsoft Visual Studio\2019\Community\VC\Tools\MSVC\14.24.28314\include\type_traits
Примечание: включение файла:       C:\Program Files (x86)\Windows Kits\10\include\10.0.18362.0\ucrt\malloc.h
Примечание: включение файла:       C:\Program Files (x86)\Microsoft Visual Studio\2019\Community\VC\Tools\MSVC\14.24.28314\include\vcruntime_exception.h
Примечание: включение файла:        C:\Program Files (x86)\Microsoft Visual Studio\2019\Community\VC\Tools\MSVC\14.24.28314\include\eh.h
Примечание: включение файла:         C:\Program Files (x86)\Windows Kits\10\include\10.0.18362.0\ucrt\corecrt_terminate.h
Примечание: включение файла:     C:\Program Files (x86)\Microsoft Visual Studio\2019\Community\VC\Tools\MSVC\14.24.28314\include\xatomic.h
Примечание: включение файла:      C:\Program Files (x86)\Microsoft Visual Studio\2019\Community\VC\Tools\MSVC\14.24.28314\include\intrin0.h
Примечание: включение файла:     C:\Program Files (x86)\Microsoft Visual Studio\2019\Community\VC\Tools\MSVC\14.24.28314\include\xutility
Примечание: включение файла:      C:\Program Files (x86)\Microsoft Visual Studio\2019\Community\VC\Tools\MSVC\14.24.28314\include\cstring
Примечание: включение файла:       C:\Program Files (x86)\Windows Kits\10\include\10.0.18362.0\ucrt\string.h
Примечание: включение файла:        C:\Program Files (x86)\Windows Kits\10\include\10.0.18362.0\ucrt\corecrt_memory.h
Примечание: включение файла:      C:\Program Files (x86)\Microsoft Visual Studio\2019\Community\VC\Tools\MSVC\14.24.28314\include\utility
Примечание: включение файла:   C:\Program Files (x86)\Microsoft Visual Studio\2019\Community\VC\Tools\MSVC\14.24.28314\include\iterator
Примечание: включение файла:    C:\Program Files (x86)\Microsoft Visual Studio\2019\Community\VC\Tools\MSVC\14.24.28314\include\istream
Примечание: включение файла:     C:\Program Files (x86)\Microsoft Visual Studio\2019\Community\VC\Tools\MSVC\14.24.28314\include\ostream
Примечание: включение файла:      C:\Program Files (x86)\Microsoft Visual Studio\2019\Community\VC\Tools\MSVC\14.24.28314\include\ios
Примечание: включение файла:       C:\Program Files (x86)\Microsoft Visual Studio\2019\Community\VC\Tools\MSVC\14.24.28314\include\xlocnum
Примечание: включение файла:        C:\Program Files (x86)\Microsoft Visual Studio\2019\Community\VC\Tools\MSVC\14.24.28314\include\cmath
Примечание: включение файла:         C:\Program Files (x86)\Microsoft Visual Studio\2019\Community\VC\Tools\MSVC\14.24.28314\include\xtgmath.h
Примечание: включение файла:        C:\Program Files (x86)\Microsoft Visual Studio\2019\Community\VC\Tools\MSVC\14.24.28314\include\streambuf
Примечание: включение файла:         C:\Program Files (x86)\Microsoft Visual Studio\2019\Community\VC\Tools\MSVC\14.24.28314\include\xiosbase
Примечание: включение файла:          C:\Program Files (x86)\Windows Kits\10\include\10.0.18362.0\ucrt\share.h
Примечание: включение файла:          C:\Program Files (x86)\Microsoft Visual Studio\2019\Community\VC\Tools\MSVC\14.24.28314\include\system_error
Примечание: включение файла:           C:\Program Files (x86)\Microsoft Visual Studio\2019\Community\VC\Tools\MSVC\14.24.28314\include\cerrno
Примечание: включение файла:           C:\Program Files (x86)\Microsoft Visual Studio\2019\Community\VC\Tools\MSVC\14.24.28314\include\stdexcept
Примечание: включение файла:            C:\Program Files (x86)\Microsoft Visual Studio\2019\Community\VC\Tools\MSVC\14.24.28314\include\xstring
Примечание: включение файла:             C:\Program Files (x86)\Microsoft Visual Studio\2019\Community\VC\Tools\MSVC\14.24.28314\include\iosfwd
Примечание: включение файла:           C:\Program Files (x86)\Microsoft Visual Studio\2019\Community\VC\Tools\MSVC\14.24.28314\include\xcall_once.h
Примечание: включение файла:           C:\Program Files (x86)\Microsoft Visual Studio\2019\Community\VC\Tools\MSVC\14.24.28314\include\xerrc.h
Примечание: включение файла:          C:\Program Files (x86)\Microsoft Visual Studio\2019\Community\VC\Tools\MSVC\14.24.28314\include\xlocale
Примечание: включение файла:           C:\Program Files (x86)\Microsoft Visual Studio\2019\Community\VC\Tools\MSVC\14.24.28314\include\memory
Примечание: включение файла:            C:\Program Files (x86)\Microsoft Visual Studio\2019\Community\VC\Tools\MSVC\14.24.28314\include\typeinfo
Примечание: включение файла:             C:\Program Files (x86)\Microsoft Visual Studio\2019\Community\VC\Tools\MSVC\14.24.28314\include\vcruntime_typeinfo.h
Примечание: включение файла:           C:\Program Files (x86)\Microsoft Visual Studio\2019\Community\VC\Tools\MSVC\14.24.28314\include\xfacet
Примечание: включение файла:           C:\Program Files (x86)\Microsoft Visual Studio\2019\Community\VC\Tools\MSVC\14.24.28314\include\xlocinfo
Примечание: включение файла:            C:\Program Files (x86)\Microsoft Visual Studio\2019\Community\VC\Tools\MSVC\14.24.28314\include\xlocinfo.h
Примечание: включение файла:             C:\Program Files (x86)\Windows Kits\10\include\10.0.18362.0\ucrt\ctype.h
Примечание: включение файла:             C:\Program Files (x86)\Windows Kits\10\include\10.0.18362.0\ucrt\locale.h
Примечание: включение файла:   C:\Program Files (x86)\Microsoft Visual Studio\2019\Community\VC\Tools\MSVC\14.24.28314\include\tuple
Примечание: включение файла:  C:\Program Files (x86)\Microsoft Visual Studio\2019\Community\VC\Tools\MSVC\14.24.28314\include\string
Примечание: включение файла:   C:\Program Files (x86)\Microsoft Visual Studio\2019\Community\VC\Tools\MSVC\14.24.28314\include\cctype
Примечание: включение файла:  C:\Program Files (x86)\Microsoft Visual Studio\2019\Community\VC\Tools\MSVC\14.24.28314\include\charconv
The contents of <charconv> are only available with C++17 or later.
src.cxx(8): error C2039: to_chars: не является членом "std"
C:\Program Files (x86)\Microsoft Visual Studio\2019\Community\VC\Tools\MSVC\14.24.28314\include\string(24): note:  см. объявление "std"
src.cxx(8): error C3861: to_chars: идентификатор не найден
src.cxx(9): error C3536: p: не может использоваться до инициализации
src.cxx(9): error C2113: -: указатель можно вычесть только из другого указателя
src.cxx(12): error C2039: from_chars: не является членом "std"
C:\Program Files (x86)\Microsoft Visual Studio\2019\Community\VC\Tools\MSVC\14.24.28314\include\string(24): note:  см. объявление "std"
src.cxx(12): error C3861: from_chars: идентификатор не найден
ninja: build stopped: subcommand failed.


Source file was:

                          #include <array>
                          #include <string>
                          #include <charconv>
                          
                          int main() {
                                  std::array<char, 7> str {};
                                  auto p = std::to_chars(str.data(), str.data() + str.size(), 12345).ptr;
                                  auto strResult = std::string(str.data(), p - str.data());
                                  
                                  unsigned long value = 0;
                                  std::from_chars(strResult.data(), strResult.data() + strResult.size(), value);

                                  return 0;
                          }
Performing C++ SOURCE FILE Test COMPILER_HAS_DEPRECATED_ATTR failed with the following output:
Change Dir: C:/Users/bogda/source/repos/Bogdanov-am/Breakdown-Predictor/BreakdownPredict/BreakdownPredict/library/out/build/x64-Debug/CMakeFiles/CMakeTmp

Run Build Command(s):C:/Program Files (x86)/Microsoft Visual Studio/2019/Community/Common7/IDE/CommonExtensions/Microsoft/CMake/Ninja/ninja.exe cmTC_2c6f9 && [1/2] Building CXX object CMakeFiles\cmTC_2c6f9.dir\src.cxx.obj
FAILED: CMakeFiles/cmTC_2c6f9.dir/src.cxx.obj 
C:\PROGRA~2\MICROS~3\2019\COMMUN~1\VC\Tools\MSVC\1424~1.283\bin\HostX64\x64\cl.exe  /nologo /TP   /DWIN32 /D_WINDOWS /W3 /GR /EHsc -DCOMPILER_HAS_DEPRECATED_ATTR /MDd /Zi /Ob0 /Od /RTC1 /showIncludes /FoCMakeFiles\cmTC_2c6f9.dir\src.cxx.obj /FdCMakeFiles\cmTC_2c6f9.dir\ /FS -c src.cxx
src.cxx(1): error C2065: __deprecated__: необъявленный идентификатор
src.cxx(1): error C4430: отсутствует спецификатор типа - предполагается int. Примечание. C++ не поддерживает int по умолчанию
src.cxx(1): error C2448: __attribute__: вероятно, инициализатор, использующий стиль функции, является определением функции
ninja: build stopped: subcommand failed.


Source file was:
__attribute__((__deprecated__)) int somefunc() { return 0; }
    int main() { return somefunc();}
