The system is: Windows - 10.0.19041 - AMD64
Compiling the C compiler identification source file "CMakeCCompilerId.c" succeeded.
Compiler: C:/Program Files (x86)/Microsoft Visual Studio/2019/Community/VC/Tools/MSVC/14.26.28801/bin/HostX64/x64/cl.exe 
Build flags: 
Id flags:  

The output was:
0
Оптимизирующий компилятор Microsoft (R) C/C++ версии 19.26.28806 для x64
(C) Корпорация Майкрософт (Microsoft Corporation).  Все права защищены.

CMakeCCompilerId.c
Microsoft (R) Incremental Linker Version 14.26.28806.0
Copyright (C) Microsoft Corporation.  All rights reserved.

/out:CMakeCCompilerId.exe 
CMakeCCompilerId.obj 


Compilation of the C compiler identification source "CMakeCCompilerId.c" produced "CMakeCCompilerId.exe"

Compilation of the C compiler identification source "CMakeCCompilerId.c" produced "CMakeCCompilerId.obj"

The C compiler identification is MSVC, found in "D:/Visual Studio/Breakdown-Predictor/BreakdownPredict/out/build/x64-Debug (по умолчанию)/CMakeFiles/3.17.20032601-MSVC_2/CompilerIdC/CMakeCCompilerId.exe"

Compiling the CXX compiler identification source file "CMakeCXXCompilerId.cpp" succeeded.
Compiler: C:/Program Files (x86)/Microsoft Visual Studio/2019/Community/VC/Tools/MSVC/14.26.28801/bin/HostX64/x64/cl.exe 
Build flags: 
Id flags:  

The output was:
0
Оптимизирующий компилятор Microsoft (R) C/C++ версии 19.26.28806 для x64
(C) Корпорация Майкрософт (Microsoft Corporation).  Все права защищены.

CMakeCXXCompilerId.cpp
Microsoft (R) Incremental Linker Version 14.26.28806.0
Copyright (C) Microsoft Corporation.  All rights reserved.

/out:CMakeCXXCompilerId.exe 
CMakeCXXCompilerId.obj 


Compilation of the CXX compiler identification source "CMakeCXXCompilerId.cpp" produced "CMakeCXXCompilerId.exe"

Compilation of the CXX compiler identification source "CMakeCXXCompilerId.cpp" produced "CMakeCXXCompilerId.obj"

The CXX compiler identification is MSVC, found in "D:/Visual Studio/Breakdown-Predictor/BreakdownPredict/out/build/x64-Debug (по умолчанию)/CMakeFiles/3.17.20032601-MSVC_2/CompilerIdCXX/CMakeCXXCompilerId.exe"

Determining if the C compiler works passed with the following output:
Change Dir: D:/Visual Studio/Breakdown-Predictor/BreakdownPredict/out/build/x64-Debug (по умолчанию)/CMakeFiles/CMakeTmp

Run Build Command(s):C:/Program Files (x86)/Microsoft Visual Studio/2019/Community/Common7/IDE/CommonExtensions/Microsoft/CMake/Ninja/ninja.exe cmTC_f1e8a && [1/2] Building C object CMakeFiles\cmTC_f1e8a.dir\testCCompiler.c.obj
[2/2] Linking C executable cmTC_f1e8a.exe



Detecting C compiler ABI info compiled with the following output:
Change Dir: D:/Visual Studio/Breakdown-Predictor/BreakdownPredict/out/build/x64-Debug (по умолчанию)/CMakeFiles/CMakeTmp

Run Build Command(s):C:/Program Files (x86)/Microsoft Visual Studio/2019/Community/Common7/IDE/CommonExtensions/Microsoft/CMake/Ninja/ninja.exe cmTC_a18b2 && [1/2] Building C object CMakeFiles\cmTC_a18b2.dir\CMakeCCompilerABI.c.obj
Примечание: включение файла:  C:\Program Files (x86)\Microsoft Visual Studio\2019\Community\Common7\IDE\CommonExtensions\Microsoft\CMake\CMake\share\cmake-3.17\Modules\CMakeCompilerABI.h
[2/2] Linking C executable cmTC_a18b2.exe



Determining if the CXX compiler works passed with the following output:
Change Dir: D:/Visual Studio/Breakdown-Predictor/BreakdownPredict/out/build/x64-Debug (по умолчанию)/CMakeFiles/CMakeTmp

Run Build Command(s):C:/Program Files (x86)/Microsoft Visual Studio/2019/Community/Common7/IDE/CommonExtensions/Microsoft/CMake/Ninja/ninja.exe cmTC_43665 && [1/2] Building CXX object CMakeFiles\cmTC_43665.dir\testCXXCompiler.cxx.obj
[2/2] Linking CXX executable cmTC_43665.exe



Detecting CXX compiler ABI info compiled with the following output:
Change Dir: D:/Visual Studio/Breakdown-Predictor/BreakdownPredict/out/build/x64-Debug (по умолчанию)/CMakeFiles/CMakeTmp

Run Build Command(s):C:/Program Files (x86)/Microsoft Visual Studio/2019/Community/Common7/IDE/CommonExtensions/Microsoft/CMake/Ninja/ninja.exe cmTC_eb5d3 && [1/2] Building CXX object CMakeFiles\cmTC_eb5d3.dir\CMakeCXXCompilerABI.cpp.obj
Примечание: включение файла:  C:\Program Files (x86)\Microsoft Visual Studio\2019\Community\Common7\IDE\CommonExtensions\Microsoft\CMake\CMake\share\cmake-3.17\Modules\CMakeCompilerABI.h
[2/2] Linking CXX executable cmTC_eb5d3.exe



Performing C++ SOURCE FILE Test CHARCONV_RESULT succeeded with the following output:
Change Dir: D:/Visual Studio/Breakdown-Predictor/BreakdownPredict/out/build/x64-Debug (по умолчанию)/CMakeFiles/CMakeTmp

Run Build Command(s):C:/Program Files (x86)/Microsoft Visual Studio/2019/Community/Common7/IDE/CommonExtensions/Microsoft/CMake/Ninja/ninja.exe cmTC_66981 && [1/2] Building CXX object CMakeFiles\cmTC_66981.dir\src.cxx.obj
Примечание: включение файла:  C:\Program Files (x86)\Microsoft Visual Studio\2019\Community\VC\Tools\MSVC\14.26.28801\include\array
Примечание: включение файла:   C:\Program Files (x86)\Microsoft Visual Studio\2019\Community\VC\Tools\MSVC\14.26.28801\include\yvals_core.h
Примечание: включение файла:    C:\Program Files (x86)\Microsoft Visual Studio\2019\Community\VC\Tools\MSVC\14.26.28801\include\vcruntime.h
Примечание: включение файла:     C:\Program Files (x86)\Microsoft Visual Studio\2019\Community\VC\Tools\MSVC\14.26.28801\include\sal.h
Примечание: включение файла:      C:\Program Files (x86)\Microsoft Visual Studio\2019\Community\VC\Tools\MSVC\14.26.28801\include\concurrencysal.h
Примечание: включение файла:     C:\Program Files (x86)\Microsoft Visual Studio\2019\Community\VC\Tools\MSVC\14.26.28801\include\vadefs.h
Примечание: включение файла:    C:\Program Files (x86)\Microsoft Visual Studio\2019\Community\VC\Tools\MSVC\14.26.28801\include\xkeycheck.h
Примечание: включение файла:   C:\Program Files (x86)\Microsoft Visual Studio\2019\Community\VC\Tools\MSVC\14.26.28801\include\algorithm
Примечание: включение файла:    C:\Program Files (x86)\Microsoft Visual Studio\2019\Community\VC\Tools\MSVC\14.26.28801\include\xmemory
Примечание: включение файла:     C:\Program Files (x86)\Microsoft Visual Studio\2019\Community\VC\Tools\MSVC\14.26.28801\include\cstdint
Примечание: включение файла:      C:\Program Files (x86)\Microsoft Visual Studio\2019\Community\VC\Tools\MSVC\14.26.28801\include\yvals.h
Примечание: включение файла:       C:\Program Files (x86)\Windows Kits\10\include\10.0.18362.0\ucrt\crtdbg.h
Примечание: включение файла:        C:\Program Files (x86)\Windows Kits\10\include\10.0.18362.0\ucrt\corecrt.h
Примечание: включение файла:        C:\Program Files (x86)\Microsoft Visual Studio\2019\Community\VC\Tools\MSVC\14.26.28801\include\vcruntime_new_debug.h
Примечание: включение файла:         C:\Program Files (x86)\Microsoft Visual Studio\2019\Community\VC\Tools\MSVC\14.26.28801\include\vcruntime_new.h
Примечание: включение файла:       C:\Program Files (x86)\Microsoft Visual Studio\2019\Community\VC\Tools\MSVC\14.26.28801\include\crtdefs.h
Примечание: включение файла:       C:\Program Files (x86)\Microsoft Visual Studio\2019\Community\VC\Tools\MSVC\14.26.28801\include\use_ansi.h
Примечание: включение файла:      C:\Program Files (x86)\Microsoft Visual Studio\2019\Community\VC\Tools\MSVC\14.26.28801\include\stdint.h
Примечание: включение файла:     C:\Program Files (x86)\Microsoft Visual Studio\2019\Community\VC\Tools\MSVC\14.26.28801\include\cstdlib
Примечание: включение файла:      C:\Program Files (x86)\Windows Kits\10\include\10.0.18362.0\ucrt\math.h
Примечание: включение файла:       C:\Program Files (x86)\Windows Kits\10\include\10.0.18362.0\ucrt\corecrt_math.h
Примечание: включение файла:      C:\Program Files (x86)\Windows Kits\10\include\10.0.18362.0\ucrt\stdlib.h
Примечание: включение файла:       C:\Program Files (x86)\Windows Kits\10\include\10.0.18362.0\ucrt\corecrt_malloc.h
Примечание: включение файла:       C:\Program Files (x86)\Windows Kits\10\include\10.0.18362.0\ucrt\corecrt_search.h
Примечание: включение файла:        C:\Program Files (x86)\Windows Kits\10\include\10.0.18362.0\ucrt\stddef.h
Примечание: включение файла:       C:\Program Files (x86)\Windows Kits\10\include\10.0.18362.0\ucrt\corecrt_wstdlib.h
Примечание: включение файла:       C:\Program Files (x86)\Microsoft Visual Studio\2019\Community\VC\Tools\MSVC\14.26.28801\include\limits.h
Примечание: включение файла:     C:\Program Files (x86)\Microsoft Visual Studio\2019\Community\VC\Tools\MSVC\14.26.28801\include\limits
Примечание: включение файла:      C:\Program Files (x86)\Microsoft Visual Studio\2019\Community\VC\Tools\MSVC\14.26.28801\include\cfloat
Примечание: включение файла:       C:\Program Files (x86)\Windows Kits\10\include\10.0.18362.0\ucrt\float.h
Примечание: включение файла:      C:\Program Files (x86)\Microsoft Visual Studio\2019\Community\VC\Tools\MSVC\14.26.28801\include\climits
Примечание: включение файла:      C:\Program Files (x86)\Microsoft Visual Studio\2019\Community\VC\Tools\MSVC\14.26.28801\include\cwchar
Примечание: включение файла:       C:\Program Files (x86)\Microsoft Visual Studio\2019\Community\VC\Tools\MSVC\14.26.28801\include\cstdio
Примечание: включение файла:        C:\Program Files (x86)\Windows Kits\10\include\10.0.18362.0\ucrt\stdio.h
Примечание: включение файла:         C:\Program Files (x86)\Windows Kits\10\include\10.0.18362.0\ucrt\corecrt_wstdio.h
Примечание: включение файла:          C:\Program Files (x86)\Windows Kits\10\include\10.0.18362.0\ucrt\corecrt_stdio_config.h
Примечание: включение файла:       C:\Program Files (x86)\Windows Kits\10\include\10.0.18362.0\ucrt\wchar.h
Примечание: включение файла:        C:\Program Files (x86)\Windows Kits\10\include\10.0.18362.0\ucrt\corecrt_memcpy_s.h
Примечание: включение файла:         C:\Program Files (x86)\Windows Kits\10\include\10.0.18362.0\ucrt\errno.h
Примечание: включение файла:         C:\Program Files (x86)\Microsoft Visual Studio\2019\Community\VC\Tools\MSVC\14.26.28801\include\vcruntime_string.h
Примечание: включение файла:        C:\Program Files (x86)\Windows Kits\10\include\10.0.18362.0\ucrt\corecrt_wconio.h
Примечание: включение файла:        C:\Program Files (x86)\Windows Kits\10\include\10.0.18362.0\ucrt\corecrt_wctype.h
Примечание: включение файла:        C:\Program Files (x86)\Windows Kits\10\include\10.0.18362.0\ucrt\corecrt_wdirect.h
Примечание: включение файла:        C:\Program Files (x86)\Windows Kits\10\include\10.0.18362.0\ucrt\corecrt_wio.h
Примечание: включение файла:         C:\Program Files (x86)\Windows Kits\10\include\10.0.18362.0\ucrt\corecrt_share.h
Примечание: включение файла:        C:\Program Files (x86)\Windows Kits\10\include\10.0.18362.0\ucrt\corecrt_wprocess.h
Примечание: включение файла:        C:\Program Files (x86)\Windows Kits\10\include\10.0.18362.0\ucrt\corecrt_wstring.h
Примечание: включение файла:        C:\Program Files (x86)\Windows Kits\10\include\10.0.18362.0\ucrt\corecrt_wtime.h
Примечание: включение файла:        C:\Program Files (x86)\Windows Kits\10\include\10.0.18362.0\ucrt\sys/stat.h
Примечание: включение файла:         C:\Program Files (x86)\Windows Kits\10\include\10.0.18362.0\ucrt\sys/types.h
Примечание: включение файла:      C:\Program Files (x86)\Microsoft Visual Studio\2019\Community\VC\Tools\MSVC\14.26.28801\include\xstddef
Примечание: включение файла:       C:\Program Files (x86)\Microsoft Visual Studio\2019\Community\VC\Tools\MSVC\14.26.28801\include\cstddef
Примечание: включение файла:        C:\Program Files (x86)\Microsoft Visual Studio\2019\Community\VC\Tools\MSVC\14.26.28801\include\xtr1common
Примечание: включение файла:       C:\Program Files (x86)\Microsoft Visual Studio\2019\Community\VC\Tools\MSVC\14.26.28801\include\initializer_list
Примечание: включение файла:     C:\Program Files (x86)\Microsoft Visual Studio\2019\Community\VC\Tools\MSVC\14.26.28801\include\new
Примечание: включение файла:      C:\Program Files (x86)\Microsoft Visual Studio\2019\Community\VC\Tools\MSVC\14.26.28801\include\exception
Примечание: включение файла:       C:\Program Files (x86)\Microsoft Visual Studio\2019\Community\VC\Tools\MSVC\14.26.28801\include\type_traits
Примечание: включение файла:       C:\Program Files (x86)\Windows Kits\10\include\10.0.18362.0\ucrt\malloc.h
Примечание: включение файла:       C:\Program Files (x86)\Microsoft Visual Studio\2019\Community\VC\Tools\MSVC\14.26.28801\include\vcruntime_exception.h
Примечание: включение файла:        C:\Program Files (x86)\Microsoft Visual Studio\2019\Community\VC\Tools\MSVC\14.26.28801\include\eh.h
Примечание: включение файла:         C:\Program Files (x86)\Windows Kits\10\include\10.0.18362.0\ucrt\corecrt_terminate.h
Примечание: включение файла:     C:\Program Files (x86)\Microsoft Visual Studio\2019\Community\VC\Tools\MSVC\14.26.28801\include\xatomic.h
Примечание: включение файла:      C:\Program Files (x86)\Microsoft Visual Studio\2019\Community\VC\Tools\MSVC\14.26.28801\include\intrin0.h
Примечание: включение файла:     C:\Program Files (x86)\Microsoft Visual Studio\2019\Community\VC\Tools\MSVC\14.26.28801\include\xutility
Примечание: включение файла:      C:\Program Files (x86)\Microsoft Visual Studio\2019\Community\VC\Tools\MSVC\14.26.28801\include\cstring
Примечание: включение файла:       C:\Program Files (x86)\Windows Kits\10\include\10.0.18362.0\ucrt\string.h
Примечание: включение файла:        C:\Program Files (x86)\Windows Kits\10\include\10.0.18362.0\ucrt\corecrt_memory.h
Примечание: включение файла:      C:\Program Files (x86)\Microsoft Visual Studio\2019\Community\VC\Tools\MSVC\14.26.28801\include\utility
Примечание: включение файла:   C:\Program Files (x86)\Microsoft Visual Studio\2019\Community\VC\Tools\MSVC\14.26.28801\include\iterator
Примечание: включение файла:    C:\Program Files (x86)\Microsoft Visual Studio\2019\Community\VC\Tools\MSVC\14.26.28801\include\iosfwd
Примечание: включение файла:   C:\Program Files (x86)\Microsoft Visual Studio\2019\Community\VC\Tools\MSVC\14.26.28801\include\tuple
Примечание: включение файла:  C:\Program Files (x86)\Microsoft Visual Studio\2019\Community\VC\Tools\MSVC\14.26.28801\include\string
Примечание: включение файла:   C:\Program Files (x86)\Microsoft Visual Studio\2019\Community\VC\Tools\MSVC\14.26.28801\include\xstring
Примечание: включение файла:    C:\Program Files (x86)\Microsoft Visual Studio\2019\Community\VC\Tools\MSVC\14.26.28801\include\xpolymorphic_allocator.h
Примечание: включение файла:   C:\Program Files (x86)\Microsoft Visual Studio\2019\Community\VC\Tools\MSVC\14.26.28801\include\cctype
Примечание: включение файла:    C:\Program Files (x86)\Windows Kits\10\include\10.0.18362.0\ucrt\ctype.h
Примечание: включение файла:  C:\Program Files (x86)\Microsoft Visual Studio\2019\Community\VC\Tools\MSVC\14.26.28801\include\charconv
Примечание: включение файла:   C:\Program Files (x86)\Microsoft Visual Studio\2019\Community\VC\Tools\MSVC\14.26.28801\include\xcharconv.h
Примечание: включение файла:    C:\Program Files (x86)\Microsoft Visual Studio\2019\Community\VC\Tools\MSVC\14.26.28801\include\xerrc.h
Примечание: включение файла:   C:\Program Files (x86)\Microsoft Visual Studio\2019\Community\VC\Tools\MSVC\14.26.28801\include\xcharconv_ryu.h
Примечание: включение файла:    C:\Program Files (x86)\Microsoft Visual Studio\2019\Community\VC\Tools\MSVC\14.26.28801\include\xcharconv_ryu_tables.h
[2/2] Linking CXX executable cmTC_66981.exe


Source file was:

                          #include <array>
                          #include <string>
                          #include <charconv>
                          
                          int main() {
                                  std::array<char, 7> str {};
                                  auto p = std::to_chars(str.data(), str.data() + str.size(), 12345).ptr;
                                  auto strResult = std::string(str.data(), p - str.data());
                                  
                                  unsigned long value = 0;
                                  std::from_chars(strResult.data(), strResult.data() + strResult.size(), value);

                                  return 0;
                          }
Performing C++ SOURCE FILE Test COMPILER_HAS_DEPRECATED succeeded with the following output:
Change Dir: D:/Visual Studio/Breakdown-Predictor/BreakdownPredict/out/build/x64-Debug (по умолчанию)/CMakeFiles/CMakeTmp

Run Build Command(s):C:/Program Files (x86)/Microsoft Visual Studio/2019/Community/Common7/IDE/CommonExtensions/Microsoft/CMake/Ninja/ninja.exe cmTC_d49db && [1/2] Building CXX object CMakeFiles\cmTC_d49db.dir\src.cxx.obj
src.cxx(2): warning C4996: 'somefunc': объявлен deprecate
[2/2] Linking CXX executable cmTC_d49db.exe


Source file was:
__declspec(deprecated) int somefunc() { return 0; }
    int main() { return somefunc();}
